[0.000000] (-) TimerEvent: {}
[0.001858] (cam_sim) JobQueued: {'identifier': 'cam_sim', 'dependencies': OrderedDict()}
[0.002090] (cam_sim) JobStarted: {'identifier': 'cam_sim'}
[0.099197] (-) TimerEvent: {}
[0.200083] (-) TimerEvent: {}
[0.301078] (-) TimerEvent: {}
[0.402393] (-) TimerEvent: {}
[0.503481] (-) TimerEvent: {}
[0.604380] (-) TimerEvent: {}
[0.705124] (-) TimerEvent: {}
[0.806970] (-) TimerEvent: {}
[0.908062] (-) TimerEvent: {}
[1.008799] (-) TimerEvent: {}
[1.109766] (-) TimerEvent: {}
[1.210540] (-) TimerEvent: {}
[1.311270] (-) TimerEvent: {}
[1.412021] (-) TimerEvent: {}
[1.513132] (-) TimerEvent: {}
[1.613996] (-) TimerEvent: {}
[1.714713] (-) TimerEvent: {}
[1.815422] (-) TimerEvent: {}
[1.916236] (-) TimerEvent: {}
[2.017646] (cam_sim) StderrLine: {'line': b'Traceback (most recent call last):\n  File "/usr/lib/python3/dist-packages/colcon_parallel_executor/executor/parallel.py", line 75, in execute\n    loop.run_until_complete(future)\n  File "/usr/lib/python3.12/asyncio/base_events.py", line 674, in run_until_complete\n    self.run_forever()\n  File "/usr/lib/python3.12/asyncio/base_events.py", line 641, in run_forever\n    self._run_once()\n  File "/usr/lib/python3.12/asyncio/base_events.py", line 1949, in _run_once\n    event_list = self._selector.select(timeout)\n                 ^^^^^^^^^^^^^^^^^^^^^^^^^^^^^^\n  File "/usr/lib/python3.12/selectors.py", line 468, in select\n    fd_event_list = self._selector.poll(timeout, max_ev)\n                    ^^^^^^^^^^^^^^^^^^^^^^^^^^^^^^^^^^^^\nKeyboardInterrupt\n\nDuring handling of the above exception, another exception occurred:\n\nTraceback (most recent call last):\n  File "/usr/lib/python3/dist-packages/colcon_core/executor/__init__.py", line 91, in __call__\n    rc = await self.task(*args, **kwargs)\n         ^^^^^^^^^^^^^^^^^^^^^^^^^^^^^^^^\n  File "/usr/lib/python3/dist-packages/colcon_core/task/__init__.py", line 93, in __call__\n    return await task_method(*args, **kwargs)\n           ^^^^^^^^^^^^^^^^^^^^^^^^^^^^^^^^^^\n  File "/usr/lib/python3/dist-packages/colcon_ros/task/ament_python/build.py", line 102, in build\n    return await extension.build(additional_hooks=additional_hooks)\n           ^^^^^^^^^^^^^^^^^^^^^^^^^^^^^^^^^^^^^^^^^^^^^^^^^^^^^^^^\n  File "/usr/lib/python3/dist-packages/colcon_core/task/python/build.py", line 96, in build\n    available_commands = await self._get_available_commands(\n                         ^^^^^^^^^^^^^^^^^^^^^^^^^^^^^^^^^^^\n  File "/usr/lib/python3/dist-packages/colcon_core/task/python/build.py", line 194, in _get_available_commands\n    output = await check_output(\n             ^^^^^^^^^^^^^^^^^^^\n  File "/usr/lib/python3/dist-packages/colcon_core/subprocess.py", line 129, in check_output\n    assert not rc, f\'Expected {args} to pass: {stderr_data}\'\n           ^^^^^^\nAssertionError: Expected [\'/usr/bin/python3\', \'-W\', \'ignore:setup.py install is deprecated\', \'-W\', \'ignore:easy_install command is deprecated\', \'setup.py\', \'--help-commands\'] to pass: Traceback (most recent call last):\n  File "/home/ptrip/ros2_ws/src/cam_sim/setup.py", line 5, in <module>\n    setup(\n  File "/usr/lib/python3/dist-packages/setuptools/__init__.py", line 107, in setup\n    return distutils.core.setup(**attrs)\n           ^^^^^^^^^^^^^^^^^^^^^^^^^^^^^\n  File "/usr/lib/python3/dist-packages/setuptools/_distutils/core.py", line 172, in setup\n    ok = dist.parse_command_line()\n         ^^^^^^^^^^^^^^^^^^^^^^^^^\n  File "/usr/lib/python3/dist-packages/setuptools/_distutils/dist.py", line 472, in parse_command_line\n    if self.handle_display_options(option_order):\n       ^^^^^^^^^^^^^^^^^^^^^^^^^^^^^^^^^^^^^^^^^\n  File "/usr/lib/python3/dist-packages/setuptools/dist.py", line 1209, in handle_display_options\n    return _Distribution.handle_display_options(self, option_order)\n           ^^^^^^^^^^^^^^^^^^^^^^^^^^^^^^^^^^^^^^^^^^^^^^^^^^^^^^^^\n  File "/usr/lib/python3/dist-packages/setuptools/_distutils/dist.py", line 686, in handle_display_options\n    self.print_commands()\n  File "/usr/lib/python3/dist-packages/setuptools/dist.py", line 988, in print_commands\n    cmdclass = ep.load()\n               ^^^^^^^^^\n  File "/usr/lib/python3.12/importlib/metadata/__init__.py", line 205, in load\n    module = import_module(match.group(\'module\'))\n             ^^^^^^^^^^^^^^^^^^^^^^^^^^^^^^^^^^^^\n  File "/usr/lib/python3.12/importlib/__init__.py", line 90, in import_module\n    return _bootstrap._gcd_import(name[level:], package, level)\n           ^^^^^^^^^^^^^^^^^^^^^^^^^^^^^^^^^^^^^^^^^^^^^^^^^^^^\n  File "<frozen importlib._bootstrap>", line 1387, in _gcd_import\n  File "<frozen importlib._bootstrap>", line 1360, in _find_and_load\n  File "<frozen importlib._bootstrap>", line 1310, in _find_and_load_unlocked\n  File "<frozen importlib._bootstrap>", line 488, in _call_with_frames_removed\n  File "<frozen importlib._bootstrap>", line 1387, in _gcd_import\n  File "<frozen importlib._bootstrap>", line 1360, in _find_and_load\n  File "<frozen importlib._bootstrap>", line 1331, in _find_and_load_unlocked\n  File "<frozen importlib._bootstrap>", line 935, in _load_unlocked\n  File "<frozen importlib._bootstrap_external>", line 995, in exec_module\n  File "<frozen importlib._bootstrap>", line 488, in _call_with_frames_removed\n  File "/usr/lib/python3/dist-packages/babel/messages/__init__.py", line 11, in <module>\n    from babel.messages.catalog import *\n  File "/usr/lib/python3/dist-packages/babel/messages/catalog.py", line 22, in <module>\n    from babel.dates import format_datetime\n  File "/usr/lib/python3/dist-packages/babel/dates.py", line 21, in <module>\n    import pytz as _pytz\n  File "/usr/lib/python3/dist-packages/pytz/__init__.py", line 18, in <module>\n    from pytz.exceptions import AmbiguousTimeError\n  File "<frozen importlib._bootstrap>", line 1360, in _find_and_load\n  File "<frozen importlib._bootstrap>", line 1322, in _find_and_load_unlocked\n  File "<frozen importlib._bootstrap>", line 1262, in _find_spec\n  File "<frozen importlib._bootstrap_external>", line 1528, in find_spec\n  File "<frozen importlib._bootstrap_external>", line 1502, in _get_spec\n  File "<frozen importlib._bootstrap_external>", line 1605, in find_spec\n  File "<frozen importlib._bootstrap_external>", line 1648, in _fill_cache\nKeyboardInterrupt\n\n'}
[2.021868] (-) TimerEvent: {}
[2.022188] (cam_sim) JobEnded: {'identifier': 'cam_sim', 'rc': 'SIGINT'}
[2.028897] (-) EventReactorShutdown: {}
